# JRE version: Java(TM) SE Runtime Environment (8.0_45-b15) (build 1.8.0_45-b15)
# Java VM: Java HotSpot(TM) 64-Bit Server VM (25.45-b02 mixed mode windows-amd64 compressed oops)
Heap:
 PSYoungGen      total 53248K, used 21395K [0x00000000e0380000, 0x00000000e6b80000, 0x0000000100000000)
  eden space 49152K, 43% used [0x00000000e0380000,0x00000000e1864ee0,0x00000000e3380000)
  from space 4096K, 0% used [0x00000000e3380000,0x00000000e3380000,0x00000000e3780000)
  to   space 4096K, 0% used [0x00000000e6780000,0x00000000e6780000,0x00000000e6b80000)
 ParOldGen       total 42496K, used 6265K [0x00000000a0a00000, 0x00000000a3380000, 0x00000000e0380000)
  object space 42496K, 14% used [0x00000000a0a00000,0x00000000a101e4b0,0x00000000a3380000)
 Metaspace       used 22746K, capacity 23156K, committed 23296K, reserved 1069056K
  class space    used 2668K, capacity 2803K, committed 2816K, reserved 1048576K
GC Heap History (8 events):
Event: 0.746 GC heap before
{Heap before GC invocations=1 (full 0):
 PSYoungGen      total 28672K, used 24576K [0x00000000e0380000, 0x00000000e2380000, 0x0000000100000000)
  eden space 24576K, 100% used [0x00000000e0380000,0x00000000e1b80000,0x00000000e1b80000)
  from space 4096K, 0% used [0x00000000e1f80000,0x00000000e1f80000,0x00000000e2380000)
  to   space 4096K, 0% used [0x00000000e1b80000,0x00000000e1b80000,0x00000000e1f80000)
 ParOldGen       total 65536K, used 0K [0x00000000a0a00000, 0x00000000a4a00000, 0x00000000e0380000)
  object space 65536K, 0% used [0x00000000a0a00000,0x00000000a0a00000,0x00000000a4a00000)
 Metaspace       used 10630K, capacity 10848K, committed 11136K, reserved 1058816K
  class space    used 1249K, capacity 1324K, committed 1408K, reserved 1048576K
Event: 0.757 GC heap after
Heap after GC invocations=1 (full 0):
 PSYoungGen      total 28672K, used 4064K [0x00000000e0380000, 0x00000000e3b80000, 0x0000000100000000)
  eden space 24576K, 0% used [0x00000000e0380000,0x00000000e0380000,0x00000000e1b80000)
  from space 4096K, 99% used [0x00000000e1b80000,0x00000000e1f78118,0x00000000e1f80000)
  to   space 4096K, 0% used [0x00000000e3780000,0x00000000e3780000,0x00000000e3b80000)
 ParOldGen       total 65536K, used 774K [0x00000000a0a00000, 0x00000000a4a00000, 0x00000000e0380000)
  object space 65536K, 1% used [0x00000000a0a00000,0x00000000a0ac1bf8,0x00000000a4a00000)
 Metaspace       used 10630K, capacity 10848K, committed 11136K, reserved 1058816K
  class space    used 1249K, capacity 1324K, committed 1408K, reserved 1048576K
}
Event: 1.124 GC heap before
{Heap before GC invocations=2 (full 0):
 PSYoungGen      total 28672K, used 28640K [0x00000000e0380000, 0x00000000e3b80000, 0x0000000100000000)
  eden space 24576K, 100% used [0x00000000e0380000,0x00000000e1b80000,0x00000000e1b80000)
  from space 4096K, 99% used [0x00000000e1b80000,0x00000000e1f78118,0x00000000e1f80000)
  to   space 4096K, 0% used [0x00000000e3780000,0x00000000e3780000,0x00000000e3b80000)
 ParOldGen       total 65536K, used 774K [0x00000000a0a00000, 0x00000000a4a00000, 0x00000000e0380000)
  object space 65536K, 1% used [0x00000000a0a00000,0x00000000a0ac1bf8,0x00000000a4a00000)
 Metaspace       used 17038K, capacity 17222K, committed 17408K, reserved 1064960K
  class space    used 1950K, capacity 1997K, committed 2048K, reserved 1048576K
Event: 1.129 GC heap after
Heap after GC invocations=2 (full 0):
 PSYoungGen      total 53248K, used 4069K [0x00000000e0380000, 0x00000000e3b80000, 0x0000000100000000)
  eden space 49152K, 0% used [0x00000000e0380000,0x00000000e0380000,0x00000000e3380000)
  from space 4096K, 99% used [0x00000000e3780000,0x00000000e3b794c0,0x00000000e3b80000)
  to   space 4096K, 0% used [0x00000000e3380000,0x00000000e3380000,0x00000000e3780000)
 ParOldGen       total 65536K, used 2965K [0x00000000a0a00000, 0x00000000a4a00000, 0x00000000e0380000)
  object space 65536K, 4% used [0x00000000a0a00000,0x00000000a0ce5478,0x00000000a4a00000)
 Metaspace       used 17038K, capacity 17222K, committed 17408K, reserved 1064960K
  class space    used 1950K, capacity 1997K, committed 2048K, reserved 1048576K
}
Event: 3.539 GC heap before
{Heap before GC invocations=3 (full 0):
 PSYoungGen      total 53248K, used 23824K [0x00000000e0380000, 0x00000000e3b80000, 0x0000000100000000)
  eden space 49152K, 40% used [0x00000000e0380000,0x00000000e16caea8,0x00000000e3380000)
  from space 4096K, 99% used [0x00000000e3780000,0x00000000e3b794c0,0x00000000e3b80000)
  to   space 4096K, 0% used [0x00000000e3380000,0x00000000e3380000,0x00000000e3780000)
 ParOldGen       total 65536K, used 2965K [0x00000000a0a00000, 0x00000000a4a00000, 0x00000000e0380000)
  object space 65536K, 4% used [0x00000000a0a00000,0x00000000a0ce5478,0x00000000a4a00000)
 Metaspace       used 20760K, capacity 21072K, committed 21248K, reserved 1069056K
  class space    used 2417K, capacity 2523K, committed 2560K, reserved 1048576K
Event: 3.568 GC heap after
Heap after GC invocations=3 (full 0):
 PSYoungGen      total 53248K, used 4085K [0x00000000e0380000, 0x00000000e6b80000, 0x0000000100000000)
  eden space 49152K, 0% used [0x00000000e0380000,0x00000000e0380000,0x00000000e3380000)
  from space 4096K, 99% used [0x00000000e3380000,0x00000000e377d7e0,0x00000000e3780000)
  to   space 4096K, 0% used [0x00000000e6780000,0x00000000e6780000,0x00000000e6b80000)
 ParOldGen       total 65536K, used 5236K [0x00000000a0a00000, 0x00000000a4a00000, 0x00000000e0380000)
  object space 65536K, 7% used [0x00000000a0a00000,0x00000000a0f1d108,0x00000000a4a00000)
 Metaspace       used 20760K, capacity 21072K, committed 21248K, reserved 1069056K
  class space    used 2417K, capacity 2523K, committed 2560K, reserved 1048576K
}
Event: 3.568 GC heap before
{Heap before GC invocations=4 (full 1):
 PSYoungGen      total 53248K, used 4085K [0x00000000e0380000, 0x00000000e6b80000, 0x0000000100000000)
  eden space 49152K, 0% used [0x00000000e0380000,0x00000000e0380000,0x00000000e3380000)
  from space 4096K, 99% used [0x00000000e3380000,0x00000000e377d7e0,0x00000000e3780000)
  to   space 4096K, 0% used [0x00000000e6780000,0x00000000e6780000,0x00000000e6b80000)
 ParOldGen       total 65536K, used 5236K [0x00000000a0a00000, 0x00000000a4a00000, 0x00000000e0380000)
  object space 65536K, 7% used [0x00000000a0a00000,0x00000000a0f1d108,0x00000000a4a00000)
 Metaspace       used 20760K, capacity 21072K, committed 21248K, reserved 1069056K
  class space    used 2417K, capacity 2523K, committed 2560K, reserved 1048576K
Event: 3.590 GC heap after
Heap after GC invocations=4 (full 1):
 PSYoungGen      total 53248K, used 0K [0x00000000e0380000, 0x00000000e6b80000, 0x0000000100000000)
  eden space 49152K, 0% used [0x00000000e0380000,0x00000000e0380000,0x00000000e3380000)
  from space 4096K, 0% used [0x00000000e3380000,0x00000000e3380000,0x00000000e3780000)
  to   space 4096K, 0% used [0x00000000e6780000,0x00000000e6780000,0x00000000e6b80000)
 ParOldGen       total 42496K, used 6265K [0x00000000a0a00000, 0x00000000a3380000, 0x00000000e0380000)
  object space 42496K, 14% used [0x00000000a0a00000,0x00000000a101e4b0,0x00000000a3380000)
 Metaspace       used 20750K, capacity 21042K, committed 21248K, reserved 1069056K
  class space    used 2413K, capacity 2516K, committed 2560K, reserved 1048576K
}

